[debug] [2021-05-07T18:37:44.541Z] ----------------------------------------------------------------------
[debug] [2021-05-07T18:37:44.544Z] Command:       /usr/local/bin/node /usr/local/bin/firebase init
[debug] [2021-05-07T18:37:44.544Z] CLI Version:   9.10.2
[debug] [2021-05-07T18:37:44.544Z] Platform:      darwin
[debug] [2021-05-07T18:37:44.545Z] Node Version:  v12.16.1
[debug] [2021-05-07T18:37:44.547Z] Time:          Sat May 08 2021 00:07:44 GMT+0530 (India Standard Time)
[debug] [2021-05-07T18:37:44.547Z] ----------------------------------------------------------------------
[debug] 
[debug] [2021-05-07T18:37:44.563Z] > command requires scopes: ["email","openid","https://www.googleapis.com/auth/cloudplatformprojects.readonly","https://www.googleapis.com/auth/firebase","https://www.googleapis.com/auth/cloud-platform"]
[debug] [2021-05-07T18:37:44.563Z] > authorizing via signed-in user (onemissionworld@gmail.com)
[info] 
     ######## #### ########  ######## ########     ###     ######  ########
     ##        ##  ##     ## ##       ##     ##  ##   ##  ##       ##
     ######    ##  ########  ######   ########  #########  ######  ######
     ##        ##  ##    ##  ##       ##     ## ##     ##       ## ##
     ##       #### ##     ## ######## ########  ##     ##  ######  ########

You're about to initialize a Firebase project in this directory:

  /Users/sarveshyadav/Desktop/TopTrendingNow/OneMissionWorld/one-mission

[info] 
=== Project Setup
[info] 
[info] First, let's associate this project directory with a Firebase project.
[info] You can create multiple project aliases by running firebase use --add, 
[info] but for now we'll just set up a default project.
[info] 
